<!DOCTYPE html>
<html>
<head>
<meta http-equiv="Content-Type" content="text/html; charset=utf-8"/>
<meta http-equiv="x-ua-compatible" content="IE=edge"/>
<title>Test results - Class TestScoring</title>
<link href="../css/base-style.css" rel="stylesheet" type="text/css"/>
<link href="../css/style.css" rel="stylesheet" type="text/css"/>
<script src="../js/report.js" type="text/javascript"></script>
</head>
<body>
<div id="content">
<h1>Class TestScoring</h1>
<div class="breadcrumbs">
<a href="../index.html">all</a> &gt; 
<a href="../packages/default-package.html">default-package</a> &gt; TestScoring</div>
<div id="summary">
<table>
<tr>
<td>
<div class="summaryGroup">
<table>
<tr>
<td>
<div class="infoBox" id="tests">
<div class="counter">5</div>
<p>tests</p>
</div>
</td>
<td>
<div class="infoBox" id="failures">
<div class="counter">2</div>
<p>failures</p>
</div>
</td>
<td>
<div class="infoBox" id="ignored">
<div class="counter">0</div>
<p>ignored</p>
</div>
</td>
<td>
<div class="infoBox" id="duration">
<div class="counter">8.137s</div>
<p>duration</p>
</div>
</td>
</tr>
</table>
</div>
</td>
<td>
<div class="infoBox failures" id="successRate">
<div class="percent">60%</div>
<p>successful</p>
</div>
</td>
</tr>
</table>
</div>
<div id="tabs">
<ul class="tabLinks">
<li>
<a href="#tab0">Failed tests</a>
</li>
<li>
<a href="#tab1">Tests</a>
</li>
<li>
<a href="#tab2">Standard output</a>
</li>
</ul>
<div id="tab0" class="tab">
<h2>Failed tests</h2>
<div class="test">
<a name="test1WinnerExtension"></a>
<h3 class="failures">test1WinnerExtension</h3>
<span class="code">
<pre>arrays first differed at element [0]; expected:&lt;100&gt; but was:&lt;9&gt;
	at org.junit.internal.ComparisonCriteria.arrayEquals(ComparisonCriteria.java:78)
	at org.junit.internal.ComparisonCriteria.arrayEquals(ComparisonCriteria.java:28)
	at org.junit.Assert.internalArrayEquals(Assert.java:534)
	at org.junit.Assert.assertArrayEquals(Assert.java:418)
	at org.junit.Assert.assertArrayEquals(Assert.java:429)
	at TestScoring.test1WinnerExtension(TestScoring.java:97)
	at java.base/jdk.internal.reflect.DirectMethodHandleAccessor.invoke(DirectMethodHandleAccessor.java:104)
	at java.base/java.lang.reflect.Method.invoke(Method.java:577)
	at org.junit.runners.model.FrameworkMethod$1.runReflectiveCall(FrameworkMethod.java:59)
	at org.junit.internal.runners.model.ReflectiveCallable.run(ReflectiveCallable.java:12)
	at org.junit.runners.model.FrameworkMethod.invokeExplosively(FrameworkMethod.java:56)
	at org.junit.internal.runners.statements.InvokeMethod.evaluate(InvokeMethod.java:17)
	at org.junit.internal.runners.statements.FailOnTimeout$CallableStatement.call(FailOnTimeout.java:299)
	at org.junit.internal.runners.statements.FailOnTimeout$CallableStatement.call(FailOnTimeout.java:293)
	at java.base/java.util.concurrent.FutureTask.run(FutureTask.java:264)
	at java.base/java.lang.Thread.run(Thread.java:833)
Caused by: java.lang.AssertionError: expected:&lt;100&gt; but was:&lt;9&gt;
	at org.junit.Assert.fail(Assert.java:89)
	at org.junit.Assert.failNotEquals(Assert.java:835)
	at org.junit.Assert.assertEquals(Assert.java:120)
	at org.junit.Assert.assertEquals(Assert.java:146)
	at org.junit.internal.ExactComparisonCriteria.assertElementsEqual(ExactComparisonCriteria.java:8)
	at org.junit.internal.ComparisonCriteria.arrayEquals(ComparisonCriteria.java:76)
	... 15 more
</pre>
</span>
</div>
<div class="test">
<a name="test2WinnerExtension"></a>
<h3 class="failures">test2WinnerExtension</h3>
<span class="code">
<pre>arrays first differed at element [0]; expected:&lt;0&gt; but was:&lt;26&gt;
	at org.junit.internal.ComparisonCriteria.arrayEquals(ComparisonCriteria.java:78)
	at org.junit.internal.ComparisonCriteria.arrayEquals(ComparisonCriteria.java:28)
	at org.junit.Assert.internalArrayEquals(Assert.java:534)
	at org.junit.Assert.assertArrayEquals(Assert.java:418)
	at org.junit.Assert.assertArrayEquals(Assert.java:429)
	at TestScoring.test2WinnerExtension(TestScoring.java:125)
	at java.base/jdk.internal.reflect.DirectMethodHandleAccessor.invoke(DirectMethodHandleAccessor.java:104)
	at java.base/java.lang.reflect.Method.invoke(Method.java:577)
	at org.junit.runners.model.FrameworkMethod$1.runReflectiveCall(FrameworkMethod.java:59)
	at org.junit.internal.runners.model.ReflectiveCallable.run(ReflectiveCallable.java:12)
	at org.junit.runners.model.FrameworkMethod.invokeExplosively(FrameworkMethod.java:56)
	at org.junit.internal.runners.statements.InvokeMethod.evaluate(InvokeMethod.java:17)
	at org.junit.internal.runners.statements.FailOnTimeout$CallableStatement.call(FailOnTimeout.java:299)
	at org.junit.internal.runners.statements.FailOnTimeout$CallableStatement.call(FailOnTimeout.java:293)
	at java.base/java.util.concurrent.FutureTask.run(FutureTask.java:264)
	at java.base/java.lang.Thread.run(Thread.java:833)
Caused by: java.lang.AssertionError: expected:&lt;0&gt; but was:&lt;26&gt;
	at org.junit.Assert.fail(Assert.java:89)
	at org.junit.Assert.failNotEquals(Assert.java:835)
	at org.junit.Assert.assertEquals(Assert.java:120)
	at org.junit.Assert.assertEquals(Assert.java:146)
	at org.junit.internal.ExactComparisonCriteria.assertElementsEqual(ExactComparisonCriteria.java:8)
	at org.junit.internal.ComparisonCriteria.arrayEquals(ComparisonCriteria.java:76)
	... 15 more
</pre>
</span>
</div>
</div>
<div id="tab1" class="tab">
<h2>Tests</h2>
<table>
<thead>
<tr>
<th>Test</th>
<th>Duration</th>
<th>Result</th>
</tr>
</thead>
<tr>
<td class="success">test0Winner</td>
<td class="success">1.233s</td>
<td class="success">passed</td>
</tr>
<tr>
<td class="failures">test1WinnerExtension</td>
<td class="failures">1.235s</td>
<td class="failures">failed</td>
</tr>
<tr>
<td class="success">test1WinnerOriginal</td>
<td class="success">1.335s</td>
<td class="success">passed</td>
</tr>
<tr>
<td class="failures">test2WinnerExtension</td>
<td class="failures">3.139s</td>
<td class="failures">failed</td>
</tr>
<tr>
<td class="success">test2WinnerOriginal</td>
<td class="success">1.195s</td>
<td class="success">passed</td>
</tr>
</table>
</div>
<div id="tab2" class="tab">
<h2>Standard output</h2>
<span class="code">
<pre>logResult = Round1:P0-1D-2D,P1-2H-7H,P2-1C-2C,P3-1S-2S,Score:0,0,0,0,
Round2:P0-2D-4D,P1-7H-8H,P2-1C-2C,P3-1S-2S,Score:0,0,0,0,
Round3:P0-2D-4D,P1-8H-8S,P2-1C-2C,P3-1S-2S,Score:0,0,0,0,
Round4:P0-2D-4D,P1-8S-9H,P2-1C-2C,P3-1S-2S,Score:0,13,0,0,
EndGame:0,100,0,0,
Winners:1
logResult = Round1:P0-1H-2H,P1-2D-3D,P2-2C-3C,P3-2S-3S,Score:0,0,0,0,
Round2:P0-1H-2H,P1-3D-4D,P2-3C-4C,P3-3S-4S,Score:0,0,0,0,
Round3:P0-1H-2H,P1-4D-9D,P2-4C-9C,P3-4S-9S,Score:0,13,13,13,
Round4:P0-1H-2H,P1-9D-10D,P2-9C-10C,P3-9S-10S,Score:0,0,0,0,
EndGame:9,38,19,76,
Winners:3
logResult = Round1:P0-1H-3H,P1-1D-2D,P2-1C-2C,P3-1S-2S,Score:0,0,0,0,
Round2:P0-1H-4H,P1-1D-2D,P2-1C-2C,P3-1S-2S,Score:13,0,0,0,
Round3:P0-1H-4H,P1-1D-2D,P2-1C-2C,P3-1S-2S,Score:13,0,0,0,
Round4:P0-1H-4H,P1-1D-2D,P2-1C-2C,P3-1S-2S,Score:13,0,0,0,
EndGame:100,0,0,0,
Winners:0
logResult = Round1:P0-2D-3D,P1-2S-3S,P2-1C-2C,P3-2H-10H,Score:0,0,0,0,
Round2:P0-3D-4D,P1-3S-4S,P2-1C-2C,P3-10H-11H,Score:0,0,0,0,
Round3:P0-4D-9D,P1-4S-7S,P2-2C-8C,P3-10H-11H,Score:13,0,0,0,
Round4:P0-9D-10D,P1-7S-8S,P2-8C-9C,P3-10H-11H,Score:0,0,0,0,
EndGame:38,60,17,63,
Winners:3
logResult = Round1:P0-1H-2H,P1-2S-3S,P2-1C-2C,P3-1D-2D,Score:0,0,0,0,
Round2:P0-1H-4H,P1-3S-4S,P2-1C-2C,P3-1D-2D,Score:13,13,0,0,
Round3:P0-1H-4H,P1-4S-6S,P2-1C-2C,P3-1D-2D,Score:13,13,0,0,
Round4:P0-1H-4H,P1-6S-7H,P2-1C-2C,P3-1D-2D,Score:13,13,0,0,
EndGame:30,45,0,0,
Winners:1
</pre>
</span>
</div>
</div>
<div id="footer">
<p>
<div>
<label class="hidden" id="label-for-line-wrapping-toggle" for="line-wrapping-toggle">Wrap lines
<input id="line-wrapping-toggle" type="checkbox" autocomplete="off"/>
</label>
</div>Generated by 
<a href="http://www.gradle.org">Gradle 8.1.1</a> at 29 Apr 2024, 5:30:36 pm</p>
</div>
</div>
</body>
</html>
