<?xml version="1.0" encoding="UTF-8"?>
<testsuite name="TestScoring" tests="5" skipped="0" failures="2" errors="0" timestamp="2024-04-29T07:30:28" hostname="Macbook.local" time="8.138">
  <properties/>
  <testcase name="test2WinnerExtension" classname="TestScoring" time="3.139">
    <failure message="arrays first differed at element [0]; expected:&lt;0&gt; but was:&lt;26&gt;" type="org.junit.internal.ArrayComparisonFailure">arrays first differed at element [0]; expected:&lt;0&gt; but was:&lt;26&gt;
	at org.junit.internal.ComparisonCriteria.arrayEquals(ComparisonCriteria.java:78)
	at org.junit.internal.ComparisonCriteria.arrayEquals(ComparisonCriteria.java:28)
	at org.junit.Assert.internalArrayEquals(Assert.java:534)
	at org.junit.Assert.assertArrayEquals(Assert.java:418)
	at org.junit.Assert.assertArrayEquals(Assert.java:429)
	at TestScoring.test2WinnerExtension(TestScoring.java:125)
	at java.base/jdk.internal.reflect.DirectMethodHandleAccessor.invoke(DirectMethodHandleAccessor.java:104)
	at java.base/java.lang.reflect.Method.invoke(Method.java:577)
	at org.junit.runners.model.FrameworkMethod$1.runReflectiveCall(FrameworkMethod.java:59)
	at org.junit.internal.runners.model.ReflectiveCallable.run(ReflectiveCallable.java:12)
	at org.junit.runners.model.FrameworkMethod.invokeExplosively(FrameworkMethod.java:56)
	at org.junit.internal.runners.statements.InvokeMethod.evaluate(InvokeMethod.java:17)
	at org.junit.internal.runners.statements.FailOnTimeout$CallableStatement.call(FailOnTimeout.java:299)
	at org.junit.internal.runners.statements.FailOnTimeout$CallableStatement.call(FailOnTimeout.java:293)
	at java.base/java.util.concurrent.FutureTask.run(FutureTask.java:264)
	at java.base/java.lang.Thread.run(Thread.java:833)
Caused by: java.lang.AssertionError: expected:&lt;0&gt; but was:&lt;26&gt;
	at org.junit.Assert.fail(Assert.java:89)
	at org.junit.Assert.failNotEquals(Assert.java:835)
	at org.junit.Assert.assertEquals(Assert.java:120)
	at org.junit.Assert.assertEquals(Assert.java:146)
	at org.junit.internal.ExactComparisonCriteria.assertElementsEqual(ExactComparisonCriteria.java:8)
	at org.junit.internal.ComparisonCriteria.arrayEquals(ComparisonCriteria.java:76)
	... 15 more
</failure>
  </testcase>
  <testcase name="test1WinnerExtension" classname="TestScoring" time="1.235">
    <failure message="arrays first differed at element [0]; expected:&lt;100&gt; but was:&lt;9&gt;" type="org.junit.internal.ArrayComparisonFailure">arrays first differed at element [0]; expected:&lt;100&gt; but was:&lt;9&gt;
	at org.junit.internal.ComparisonCriteria.arrayEquals(ComparisonCriteria.java:78)
	at org.junit.internal.ComparisonCriteria.arrayEquals(ComparisonCriteria.java:28)
	at org.junit.Assert.internalArrayEquals(Assert.java:534)
	at org.junit.Assert.assertArrayEquals(Assert.java:418)
	at org.junit.Assert.assertArrayEquals(Assert.java:429)
	at TestScoring.test1WinnerExtension(TestScoring.java:97)
	at java.base/jdk.internal.reflect.DirectMethodHandleAccessor.invoke(DirectMethodHandleAccessor.java:104)
	at java.base/java.lang.reflect.Method.invoke(Method.java:577)
	at org.junit.runners.model.FrameworkMethod$1.runReflectiveCall(FrameworkMethod.java:59)
	at org.junit.internal.runners.model.ReflectiveCallable.run(ReflectiveCallable.java:12)
	at org.junit.runners.model.FrameworkMethod.invokeExplosively(FrameworkMethod.java:56)
	at org.junit.internal.runners.statements.InvokeMethod.evaluate(InvokeMethod.java:17)
	at org.junit.internal.runners.statements.FailOnTimeout$CallableStatement.call(FailOnTimeout.java:299)
	at org.junit.internal.runners.statements.FailOnTimeout$CallableStatement.call(FailOnTimeout.java:293)
	at java.base/java.util.concurrent.FutureTask.run(FutureTask.java:264)
	at java.base/java.lang.Thread.run(Thread.java:833)
Caused by: java.lang.AssertionError: expected:&lt;100&gt; but was:&lt;9&gt;
	at org.junit.Assert.fail(Assert.java:89)
	at org.junit.Assert.failNotEquals(Assert.java:835)
	at org.junit.Assert.assertEquals(Assert.java:120)
	at org.junit.Assert.assertEquals(Assert.java:146)
	at org.junit.internal.ExactComparisonCriteria.assertElementsEqual(ExactComparisonCriteria.java:8)
	at org.junit.internal.ComparisonCriteria.arrayEquals(ComparisonCriteria.java:76)
	... 15 more
</failure>
  </testcase>
  <testcase name="test1WinnerOriginal" classname="TestScoring" time="1.335"/>
  <testcase name="test0Winner" classname="TestScoring" time="1.233"/>
  <testcase name="test2WinnerOriginal" classname="TestScoring" time="1.195"/>
  <system-out><![CDATA[logResult = Round1:P0-1D-2D,P1-2H-7H,P2-1C-2C,P3-1S-2S,Score:0,0,0,0,
Round2:P0-2D-4D,P1-7H-8H,P2-1C-2C,P3-1S-2S,Score:0,0,0,0,
Round3:P0-2D-4D,P1-8H-8S,P2-1C-2C,P3-1S-2S,Score:0,0,0,0,
Round4:P0-2D-4D,P1-8S-9H,P2-1C-2C,P3-1S-2S,Score:0,13,0,0,
EndGame:0,100,0,0,
Winners:1
logResult = Round1:P0-1H-2H,P1-2D-3D,P2-2C-3C,P3-2S-3S,Score:0,0,0,0,
Round2:P0-1H-2H,P1-3D-4D,P2-3C-4C,P3-3S-4S,Score:0,0,0,0,
Round3:P0-1H-2H,P1-4D-9D,P2-4C-9C,P3-4S-9S,Score:0,13,13,13,
Round4:P0-1H-2H,P1-9D-10D,P2-9C-10C,P3-9S-10S,Score:0,0,0,0,
EndGame:9,38,19,76,
Winners:3
logResult = Round1:P0-1H-3H,P1-1D-2D,P2-1C-2C,P3-1S-2S,Score:0,0,0,0,
Round2:P0-1H-4H,P1-1D-2D,P2-1C-2C,P3-1S-2S,Score:13,0,0,0,
Round3:P0-1H-4H,P1-1D-2D,P2-1C-2C,P3-1S-2S,Score:13,0,0,0,
Round4:P0-1H-4H,P1-1D-2D,P2-1C-2C,P3-1S-2S,Score:13,0,0,0,
EndGame:100,0,0,0,
Winners:0
logResult = Round1:P0-2D-3D,P1-2S-3S,P2-1C-2C,P3-2H-10H,Score:0,0,0,0,
Round2:P0-3D-4D,P1-3S-4S,P2-1C-2C,P3-10H-11H,Score:0,0,0,0,
Round3:P0-4D-9D,P1-4S-7S,P2-2C-8C,P3-10H-11H,Score:13,0,0,0,
Round4:P0-9D-10D,P1-7S-8S,P2-8C-9C,P3-10H-11H,Score:0,0,0,0,
EndGame:38,60,17,63,
Winners:3
logResult = Round1:P0-1H-2H,P1-2S-3S,P2-1C-2C,P3-1D-2D,Score:0,0,0,0,
Round2:P0-1H-4H,P1-3S-4S,P2-1C-2C,P3-1D-2D,Score:13,13,0,0,
Round3:P0-1H-4H,P1-4S-6S,P2-1C-2C,P3-1D-2D,Score:13,13,0,0,
Round4:P0-1H-4H,P1-6S-7H,P2-1C-2C,P3-1D-2D,Score:13,13,0,0,
EndGame:30,45,0,0,
Winners:1
]]></system-out>
  <system-err><![CDATA[]]></system-err>
</testsuite>
